#-----------------------------------------------------------
# PlanAhead v14.2 (64-bit)
# Build 194362 by xbuild on Fri Jul 20 18:52:11 MDT 2012
# Start of session at: Sun Dec 11 20:06:29 2016
# Process ID: 6328
# Log file: X:/EC311/FinalProject/planAhead_run_3/planAhead.log
# Journal file: X:/EC311/FinalProject/planAhead_run_3/planAhead.jou
#-----------------------------------------------------------
INFO: [Common 17-78] Attempting to get a license: PlanAhead
INFO: [Common 17-290] Got license for PlanAhead
INFO: [Device 21-36] Loading parts and site information from C:/Xilinx/14.2/ISE_DS/PlanAhead/data/parts/arch.xml
Parsing RTL primitives file [C:/Xilinx/14.2/ISE_DS/PlanAhead/data/parts/xilinx/rtl/prims/rtl_prims.xml]
Finished parsing RTL primitives file [C:/Xilinx/14.2/ISE_DS/PlanAhead/data/parts/xilinx/rtl/prims/rtl_prims.xml]
start_gui
source X:/EC311/FinalProject/pa.fromHdl.tcl
# create_project -name FinalProject -dir "X:/EC311/FinalProject/planAhead_run_3" -part xc6slx16csg324-3
Parsing template File [C:/Xilinx/14.2/ISE_DS/ISE/data/projnav/templates/verilog.xml].
Finished parsing template File [C:/Xilinx/14.2/ISE_DS/ISE/data/projnav/templates/verilog.xml].
Parsing template File [C:/Xilinx/14.2/ISE_DS/ISE/data/projnav/templates/vhdl.xml].
Finished parsing template File [C:/Xilinx/14.2/ISE_DS/ISE/data/projnav/templates/vhdl.xml].
Parsing template File [C:/Xilinx/14.2/ISE_DS/ISE/data/projnav/templates/ucf.xml].
Finished parsing template File [C:/Xilinx/14.2/ISE_DS/ISE/data/projnav/templates/ucf.xml].
# set_param project.pinAheadLayout yes
# set srcset [get_property srcset [current_run -impl]]
# set_property target_constrs_file "TopModule.ucf" [current_fileset -constrset]
Adding file 'X:/EC311/FinalProject/TopModule.ucf' to fileset 'constrs_1'
# set hdlfile [add_files [list {seven_alternate.v}]]
# set_property file_type Verilog $hdlfile
# set_property library work $hdlfile
# set hdlfile [add_files [list {bin2led7.v}]]
# set_property file_type Verilog $hdlfile
# set_property library work $hdlfile
# set hdlfile [add_files [list {led_display.v}]]
# set_property file_type Verilog $hdlfile
# set_property library work $hdlfile
# set hdlfile [add_files [list {fsm.v}]]
# set_property file_type Verilog $hdlfile
# set_property library work $hdlfile
# set hdlfile [add_files [list {debounceTest.v}]]
# set_property file_type Verilog $hdlfile
# set_property library work $hdlfile
# set hdlfile [add_files [list {clkdiv.v}]]
# set_property file_type Verilog $hdlfile
# set_property library work $hdlfile
# set hdlfile [add_files [list {TopModule.v}]]
# set_property file_type Verilog $hdlfile
# set_property library work $hdlfile
# set_property top TopModule $srcset
# add_files [list {TopModule.ucf}] -fileset [get_property constrset [current_run]]
# open_rtl_design -part xc6slx16csg324-3
Using Verific elaboration
Parsing VHDL file "C:/Xilinx/14.2/ISE_DS/PlanAhead/data/parts/xilinx/rtl/lib/synplify/synattr.vhd" into library synplify
Analyzing Verilog file "X:/EC311/FinalProject/seven_alternate.v" into library work
Analyzing Verilog file "X:/EC311/FinalProject/bin2led7.v" into library work
Analyzing Verilog file "X:/EC311/FinalProject/led_display.v" into library work
Analyzing Verilog file "X:/EC311/FinalProject/fsm.v" into library work
Analyzing Verilog file "X:/EC311/FinalProject/debounceTest.v" into library work
Analyzing Verilog file "X:/EC311/FinalProject/clkdiv.v" into library work
Analyzing Verilog file "X:/EC311/FinalProject/TopModule.v" into library work
Loading clock regions from C:/Xilinx/14.2/ISE_DS/PlanAhead/data\parts/xilinx/spartan6/spartan6lx/xc6slx16/ClockRegion.xml
Loading clock buffers from C:/Xilinx/14.2/ISE_DS/PlanAhead/data\parts/xilinx/spartan6/spartan6lx/xc6slx16/ClockBuffers.xml
Loading package pin functions from C:/Xilinx/14.2/ISE_DS/PlanAhead/data\parts/xilinx/spartan6/PinFunctions.xml...
Loading package from C:/Xilinx/14.2/ISE_DS/PlanAhead/data\parts/xilinx/spartan6/spartan6lx/xc6slx16/csg324/Package.xml
Loading io standards from C:/Xilinx/14.2/ISE_DS/PlanAhead/data\./parts/xilinx/spartan6/IOStandards.xml
Loading device configuration modes from C:/Xilinx/14.2/ISE_DS/PlanAhead/data\parts/xilinx/spartan6/ConfigModes.xml
Loading list of drcs for the architecture : C:/Xilinx/14.2/ISE_DS/PlanAhead/data\./parts/xilinx/spartan6/drc.xml
Parsing UCF File [X:/EC311/FinalProject/TopModule.ucf]
Finished Parsing UCF File [X:/EC311/FinalProject/TopModule.ucf]
INFO: [Project 1-111] Unisim Transformation Summary:
No Unisim elements were transformed.

Phase 0 | Netlist Checksum: c95740d5
open_rtl_design: Time (s): elapsed = 00:00:06 . Memory (MB): peak = 561.172 ; gain = 168.949
startgroup
set_property package_pin T11 [get_ports {in2[0]}]
endgroup
startgroup
set_property package_pin R11 [get_ports {in2[1]}]
endgroup
startgroup
set_property package_pin N11 [get_ports {in2[2]}]
endgroup
startgroup
set_property package_pin M11 [get_ports {in2[3]}]
endgroup
startgroup
set_property package_pin V15 [get_ports {in2[4]}]
endgroup
startgroup
set_property package_pin U15 [get_ports {in2[5]}]
endgroup
save_design
exit
INFO: [Common 17-206] Exiting PlanAhead...
INFO: [Common 17-83] Releasing license: PlanAhead
