Command line:
   TopRunner_isim_beh.exe
     -simmode  gui
     -simrunnum  0
     -socket  51431

Mon Dec 12 01:14:05 2016


 Elaboration Time: 0.0312 sec

 Current Memory Usage: 506.122 Meg

 Total Signals          : 70
 Total Nets             : 61
 Total Signal Drivers   : 34
 Total Blocks           : 14
 Total Primitive Blocks : 11
 Total Processes        : 62
 Total Traceable Variables  : 66
 Total Scalar Nets and Variables : 567
Total Line Count : 164

 Total Simulation Time: 451.295 sec

 Current Memory Usage: 506.122 Meg

Mon Dec 12 01:21:38 2016

